Disk before distribute: { 11 93 1 39 71 }{ 40 30 64 56 23 }{ 35 5 94 71 7 }{ 28 74 86 28 80 }{ 12 91 22 26 96 }{ 73 97 88 16 39 }{ 72 45 31 52 1 }{ 60 35 67 60 69 }{ 33 42 54 35 28 }{ 93 33 33 43 12 }{ 60 85 91 13 79 }{ 43 98 80 86 50 }{ 0 41 92 86 29 }
Reads-Writes : 0-13

Round 1
Tape1: { 11 93 1 39 71 }{ 12 91 22 26 96 }{ 73 97 88 16 39 }{ 33 42 54 35 28 }{ 93 33 33 43 12 }{ 60 85 91 13 79 }{ 43 98 80 86 50 }
Tape2: { 40 30 64 56 23 }{ 35 5 94 71 7 }{ 28 74 86 28 80 }{ 72 45 31 52 1 }{ 60 35 67 60 69 }{ 0 41 92 86 29 }
Tape3: { 40 30 64 56 23 }{ 35 5 94 71 7 }{ 11 93 1 39 71 }{ 12 91 22 26 96 }{ 28 74 86 28 80 }{ 73 97 88 16 39 }{ 33 42 54 35 28 }{ 72 45 31 52 1 }{ 93 33 33 43 12 }{ 60 35 67 60 69 }{ 60 85 91 13 79 }{ 43 98 80 86 50 }{ 0 41 92 86 29 }
Reads-Writes : 26-39

Round 2
Tape1: { 40 30 64 56 23 }{ 35 5 94 71 7 }{ 11 93 1 39 71 }{ 12 91 22 26 96 }{ 28 74 86 28 80 }{ 73 97 88 16 39 }{ 0 41 92 86 29 }
Tape2: { 33 42 54 35 28 }{ 72 45 31 52 1 }{ 93 33 33 43 12 }{ 60 35 67 60 69 }{ 60 85 91 13 79 }{ 43 98 80 86 50 }
Tape3: { 33 42 54 35 28 }{ 72 45 31 52 1 }{ 93 33 33 43 12 }{ 40 30 64 56 23 }{ 35 5 94 71 7 }{ 11 93 1 39 71 }{ 12 91 22 26 96 }{ 60 35 67 60 69 }{ 28 74 86 28 80 }{ 73 97 88 16 39 }{ 60 85 91 13 79 }{ 43 98 80 86 50 }{ 0 41 92 86 29 }
Reads-Writes : 52-65

Round 3
Tape1: { 33 42 54 35 28 }{ 72 45 31 52 1 }{ 93 33 33 43 12 }{ 40 30 64 56 23 }{ 35 5 94 71 7 }{ 11 93 1 39 71 }{ 12 91 22 26 96 }{ 60 35 67 60 69 }{ 28 74 86 28 80 }{ 73 97 88 16 39 }{ 60 85 91 13 79 }{ 43 98 80 86 50 }
Tape2: { 0 41 92 86 29 }
Tape3: { 33 42 54 35 28 }{ 72 45 31 52 1 }{ 93 33 33 43 12 }{ 40 30 64 56 23 }{ 35 5 94 71 7 }{ 11 93 1 39 71 }{ 0 41 92 86 29 }{ 12 91 22 26 96 }{ 60 35 67 60 69 }{ 28 74 86 28 80 }{ 73 97 88 16 39 }{ 60 85 91 13 79 }{ 43 98 80 86 50 }
Reads-Writes : 78-91

Round 4
Tape1: { 33 42 54 35 28 }{ 72 45 31 52 1 }{ 93 33 33 43 12 }{ 40 30 64 56 23 }{ 35 5 94 71 7 }{ 11 93 1 39 71 }{ 0 41 92 86 29 }{ 12 91 22 26 96 }{ 60 35 67 60 69 }{ 28 74 86 28 80 }{ 73 97 88 16 39 }{ 60 85 91 13 79 }{ 43 98 80 86 50 }
Tape2: 
